<?xml version="1.0" encoding="UTF-8"?>
<!-- Generated by org.testng.reporters.JUnitReportReporter -->
<testsuite hostname="LAPTOP-3J2J1263" failures="0" tests="60" name="tests.LoginTest" time="4.842" errors="1" timestamp="2026-07-06T20:12:30 IST" skipped="59">
  <testcase classname="tests.LoginTest" name="SignInPage" time="0.001">
    <skipped/>
  </testcase> <!-- SignInPage -->
  <testcase classname="tests.LoginTest" name="SignInPage" time="0.000">
    <skipped/>
  </testcase> <!-- SignInPage -->
  <testcase classname="tests.LoginTest" name="SignInPage" time="0.000">
    <skipped/>
  </testcase> <!-- SignInPage -->
  <testcase classname="tests.LoginTest" name="SignInPage" time="0.000">
    <skipped/>
  </testcase> <!-- SignInPage -->
  <testcase classname="tests.LoginTest" name="SignInPage" time="0.000">
    <skipped/>
  </testcase> <!-- SignInPage -->
  <testcase classname="tests.LoginTest" name="SignInPage" time="0.000">
    <skipped/>
  </testcase> <!-- SignInPage -->
  <testcase classname="tests.LoginTest" name="SignInPage" time="0.000">
    <skipped/>
  </testcase> <!-- SignInPage -->
  <testcase classname="tests.LoginTest" name="SignInPage" time="0.000">
    <skipped/>
  </testcase> <!-- SignInPage -->
  <testcase classname="tests.LoginTest" name="SignInPage" time="0.000">
    <skipped/>
  </testcase> <!-- SignInPage -->
  <testcase classname="tests.LoginTest" name="SignInPage" time="0.000">
    <skipped/>
  </testcase> <!-- SignInPage -->
  <testcase classname="tests.LoginTest" name="SignInPage" time="0.000">
    <skipped/>
  </testcase> <!-- SignInPage -->
  <testcase classname="tests.LoginTest" name="SignInPage" time="0.000">
    <skipped/>
  </testcase> <!-- SignInPage -->
  <testcase classname="tests.LoginTest" name="SignInPage" time="0.000">
    <skipped/>
  </testcase> <!-- SignInPage -->
  <testcase classname="tests.LoginTest" name="SignInPage" time="0.000">
    <skipped/>
  </testcase> <!-- SignInPage -->
  <testcase classname="tests.LoginTest" name="SignInPage" time="0.000">
    <skipped/>
  </testcase> <!-- SignInPage -->
  <testcase classname="tests.LoginTest" name="SignInPage" time="0.000">
    <skipped/>
  </testcase> <!-- SignInPage -->
  <testcase classname="tests.LoginTest" name="SignInPage" time="0.000">
    <skipped/>
  </testcase> <!-- SignInPage -->
  <testcase classname="tests.LoginTest" name="SignInPage" time="0.000">
    <skipped/>
  </testcase> <!-- SignInPage -->
  <testcase classname="tests.LoginTest" name="SignInPage" time="0.000">
    <skipped/>
  </testcase> <!-- SignInPage -->
  <testcase classname="tests.LoginTest" name="SignInPage" time="0.000">
    <skipped/>
  </testcase> <!-- SignInPage -->
  <testcase classname="tests.LoginTest" name="SignInPage" time="0.000">
    <skipped/>
  </testcase> <!-- SignInPage -->
  <testcase classname="tests.LoginTest" name="SignInPage" time="0.000">
    <skipped/>
  </testcase> <!-- SignInPage -->
  <testcase classname="tests.LoginTest" name="SignInPage" time="0.000">
    <skipped/>
  </testcase> <!-- SignInPage -->
  <testcase classname="tests.LoginTest" name="SignInPage" time="0.000">
    <skipped/>
  </testcase> <!-- SignInPage -->
  <testcase classname="tests.LoginTest" name="setUp" time="4.836">
    <error message="Hr2eazySignIn\src\test\resources\config.properties (The system cannot find the path specified)" type="java.io.FileNotFoundException">
      <![CDATA[java.io.FileNotFoundException: Hr2eazySignIn\src\test\resources\config.properties (The system cannot find the path specified)
at java.base/java.io.FileInputStream.open0(Native Method)
at java.base/java.io.FileInputStream.open(FileInputStream.java:216)
at java.base/java.io.FileInputStream.<init>(FileInputStream.java:157)
at java.base/java.io.FileInputStream.<init>(FileInputStream.java:111)
at utilities.Utilities.getProperty(Utilities.java:15)
at base.BaseClass.setUp(BaseClass.java:34)
at java.base/jdk.internal.reflect.NativeMethodAccessorImpl.invoke0(Native Method)
at java.base/jdk.internal.reflect.NativeMethodAccessorImpl.invoke(NativeMethodAccessorImpl.java:77)
at java.base/jdk.internal.reflect.DelegatingMethodAccessorImpl.invoke(DelegatingMethodAccessorImpl.java:43)
at java.base/java.lang.reflect.Method.invoke(Method.java:568)
at org.testng.internal.invokers.MethodInvocationHelper.invokeMethod(MethodInvocationHelper.java:141)
at org.testng.internal.invokers.MethodInvocationHelper.invokeMethodConsideringTimeout(MethodInvocationHelper.java:71)
at org.testng.internal.invokers.ConfigInvoker.invokeConfigurationMethod(ConfigInvoker.java:400)
at org.testng.internal.invokers.ConfigInvoker.invokeConfigurations(ConfigInvoker.java:333)
at org.testng.internal.invokers.TestInvoker.runConfigMethods(TestInvoker.java:833)
at org.testng.internal.invokers.TestInvoker.invokeMethod(TestInvoker.java:600)
at org.testng.internal.invokers.TestInvoker.invokeTestMethod(TestInvoker.java:230)
at org.testng.internal.invokers.MethodRunner.runInSequence(MethodRunner.java:63)
at org.testng.internal.invokers.TestInvoker$MethodInvocationAgent.invoke(TestInvoker.java:992)
at org.testng.internal.invokers.TestInvoker.invokeTestMethods(TestInvoker.java:203)
at org.testng.internal.invokers.TestMethodWorker.invokeTestMethods(TestMethodWorker.java:154)
at org.testng.internal.invokers.TestMethodWorker.run(TestMethodWorker.java:134)
at java.base/java.util.ArrayList.forEach(ArrayList.java:1511)
at org.testng.TestRunner.privateRun(TestRunner.java:739)
at org.testng.TestRunner.run(TestRunner.java:614)
at org.testng.SuiteRunner.runTest(SuiteRunner.java:421)
at org.testng.SuiteRunner.runSequentially(SuiteRunner.java:413)
at org.testng.SuiteRunner.privateRun(SuiteRunner.java:373)
at org.testng.SuiteRunner.run(SuiteRunner.java:312)
at org.testng.SuiteRunnerWorker.runSuite(SuiteRunnerWorker.java:52)
at org.testng.SuiteRunnerWorker.run(SuiteRunnerWorker.java:95)
at org.testng.TestNG.runSuitesSequentially(TestNG.java:1274)
at org.testng.TestNG.runSuitesLocally(TestNG.java:1208)
at org.testng.TestNG.runSuites(TestNG.java:1112)
at org.testng.TestNG.run(TestNG.java:1079)
at org.testng.remote.AbstractRemoteTestNG.run(AbstractRemoteTestNG.java:115)
at org.testng.remote.RemoteTestNG.initAndRun(RemoteTestNG.java:293)
at org.testng.remote.RemoteTestNG.main(RemoteTestNG.java:91)
]]>
    </error>
  </testcase> <!-- setUp -->
  <testcase classname="tests.LoginTest" name="SignInPage" time="0.000">
    <skipped/>
  </testcase> <!-- SignInPage -->
  <testcase classname="tests.LoginTest" name="SignInPage" time="0.000">
    <skipped/>
  </testcase> <!-- SignInPage -->
  <testcase classname="tests.LoginTest" name="SignInPage" time="0.000">
    <skipped/>
  </testcase> <!-- SignInPage -->
  <testcase classname="tests.LoginTest" name="SignInPage" time="0.000">
    <skipped/>
  </testcase> <!-- SignInPage -->
  <testcase classname="tests.LoginTest" name="SignInPage" time="0.000">
    <skipped/>
  </testcase> <!-- SignInPage -->
  <testcase classname="tests.LoginTest" name="SignInPage" time="0.000">
    <skipped/>
  </testcase> <!-- SignInPage -->
  <testcase classname="tests.LoginTest" name="SignInPage" time="0.000">
    <skipped/>
  </testcase> <!-- SignInPage -->
  <testcase classname="tests.LoginTest" name="SignInPage" time="0.000">
    <skipped/>
  </testcase> <!-- SignInPage -->
  <testcase classname="tests.LoginTest" name="SignInPage" time="0.000">
    <skipped/>
  </testcase> <!-- SignInPage -->
  <testcase classname="tests.LoginTest" name="SignInPage" time="0.000">
    <skipped/>
  </testcase> <!-- SignInPage -->
  <testcase classname="tests.LoginTest" name="SignInPage" time="0.000">
    <skipped/>
  </testcase> <!-- SignInPage -->
  <testcase classname="tests.LoginTest" name="SignInPage" time="0.000">
    <skipped/>
  </testcase> <!-- SignInPage -->
  <testcase classname="tests.LoginTest" name="SignInPage" time="0.000">
    <skipped/>
  </testcase> <!-- SignInPage -->
  <testcase classname="tests.LoginTest" name="SignInPage" time="0.000">
    <skipped/>
  </testcase> <!-- SignInPage -->
  <testcase classname="tests.LoginTest" name="SignInPage" time="0.000">
    <skipped/>
  </testcase> <!-- SignInPage -->
  <testcase classname="tests.LoginTest" name="SignInPage" time="0.000">
    <skipped/>
  </testcase> <!-- SignInPage -->
  <testcase classname="tests.LoginTest" name="SignInPage" time="0.000">
    <skipped/>
  </testcase> <!-- SignInPage -->
  <testcase classname="tests.LoginTest" name="SignInPage" time="0.000">
    <skipped/>
  </testcase> <!-- SignInPage -->
  <testcase classname="tests.LoginTest" name="SignInPage" time="0.000">
    <skipped/>
  </testcase> <!-- SignInPage -->
  <testcase classname="tests.LoginTest" name="SignInPage" time="0.002">
    <skipped/>
  </testcase> <!-- SignInPage -->
  <testcase classname="tests.LoginTest" name="SignInPage" time="0.000">
    <skipped/>
  </testcase> <!-- SignInPage -->
  <testcase classname="tests.LoginTest" name="SignInPage" time="0.000">
    <skipped/>
  </testcase> <!-- SignInPage -->
  <testcase classname="tests.LoginTest" name="SignInPage" time="0.000">
    <skipped/>
  </testcase> <!-- SignInPage -->
  <testcase classname="tests.LoginTest" name="SignInPage" time="0.000">
    <skipped/>
  </testcase> <!-- SignInPage -->
  <testcase classname="tests.LoginTest" name="SignInPage" time="0.003">
    <skipped/>
  </testcase> <!-- SignInPage -->
  <testcase classname="tests.LoginTest" name="SignInPage" time="0.000">
    <skipped/>
  </testcase> <!-- SignInPage -->
  <testcase classname="tests.LoginTest" name="SignInPage" time="0.000">
    <skipped/>
  </testcase> <!-- SignInPage -->
  <testcase classname="tests.LoginTest" name="SignInPage" time="0.000">
    <skipped/>
  </testcase> <!-- SignInPage -->
  <testcase classname="tests.LoginTest" name="SignInPage" time="0.000">
    <skipped/>
  </testcase> <!-- SignInPage -->
  <testcase classname="tests.LoginTest" name="SignInPage" time="0.000">
    <skipped/>
  </testcase> <!-- SignInPage -->
  <testcase classname="tests.LoginTest" name="SignInPage" time="0.000">
    <skipped/>
  </testcase> <!-- SignInPage -->
  <testcase classname="tests.LoginTest" name="SignInPage" time="0.000">
    <skipped/>
  </testcase> <!-- SignInPage -->
  <testcase classname="tests.LoginTest" name="SignInPage" time="0.000">
    <skipped/>
  </testcase> <!-- SignInPage -->
  <testcase classname="tests.LoginTest" name="SignInPage" time="0.000">
    <skipped/>
  </testcase> <!-- SignInPage -->
  <testcase classname="tests.LoginTest" name="SignInPage" time="0.000">
    <skipped/>
  </testcase> <!-- SignInPage -->
</testsuite> <!-- tests.LoginTest -->
